INFO:root:Start action phase.
INFO:root:Player Status: {'id': 0, 'name': 'INDUSTRY (ID: 0)', 'type': 'INDUSTRY', 'location_id': 19, 'funds': 2, 'actions_left': 4}
INFO:root:INDUSTRY (ID: 0) do_player_action_generate_goods (parameters: None)
INFO:root:Player Status: {'id': 0, 'name': 'INDUSTRY (ID: 0)', 'type': 'INDUSTRY', 'location_id': 19, 'funds': 0, 'actions_left': 4}
INFO:root:Node Status: {'id': 19, 'name': 'Hafen Marl', 'node_type': 'purple', 'neighbors': [4, 5], 'damage': 0, 'freight': 3, 'affected_by_cascade': False}
INFO:root:INDUSTRY (ID: 0) do_player_action_transport_goods (parameters: {'destination_id': 5})
INFO:root:Player Status: {'id': 0, 'name': 'INDUSTRY (ID: 0)', 'type': 'INDUSTRY', 'location_id': 5, 'funds': 0, 'actions_left': 2}
INFO:root:Node Status: {'id': 5, 'name': 'Flaesheim', 'node_type': 'green', 'neighbors': [4, 6, 19], 'damage': 0, 'freight': 1, 'affected_by_cascade': False}
INFO:root:INDUSTRY (ID: 0) do_player_action_transport_goods (parameters: {'destination_id': 6})
INFO:root:Player Status: {'id': 0, 'name': 'INDUSTRY (ID: 0)', 'type': 'INDUSTRY', 'location_id': 6, 'funds': 0, 'actions_left': 0}
INFO:root:Node Status: {'id': 6, 'name': 'Ahsen', 'node_type': 'green', 'neighbors': [5, 7], 'damage': 0, 'freight': 1, 'affected_by_cascade': False}
INFO:root:Start resupply phase.
INFO:root:Player INDUSTRY (ID: 0) draws (1) from the top of the player card stack.
INFO:root:Player INDUSTRY (ID: 0) receives 1 fund (now has 1).
INFO:root:Start damage phase.
INFO:root:Draw 1 cards due to destruction level 0.
INFO:root:Player INDUSTRY (ID: 0) draws (13) from the top of the damage card stack.
INFO:root:Node 13 (Duisburg-Mederich) receives 1 damage (now has 1)
INFO:root:Start action phase.
INFO:root:Player Status: {'id': 1, 'name': 'INVESTOR (ID: 1)', 'type': 'INVESTOR', 'location_id': 19, 'funds': 2, 'actions_left': 4}
INFO:root:INVESTOR (ID: 1) do_player_action_nothing (parameters: None)
INFO:root:Player Status: {'id': 1, 'name': 'INVESTOR (ID: 1)', 'type': 'INVESTOR', 'location_id': 19, 'funds': 2, 'actions_left': 4}
INFO:root:Node Status: {'id': 19, 'name': 'Hafen Marl', 'node_type': 'purple', 'neighbors': [4, 5], 'damage': 0, 'freight': 2, 'affected_by_cascade': False}
INFO:root:INVESTOR (ID: 1) do_player_action_nothing (parameters: None)
INFO:root:Player Status: {'id': 1, 'name': 'INVESTOR (ID: 1)', 'type': 'INVESTOR', 'location_id': 19, 'funds': 2, 'actions_left': 3}
INFO:root:Node Status: {'id': 19, 'name': 'Hafen Marl', 'node_type': 'purple', 'neighbors': [4, 5], 'damage': 0, 'freight': 2, 'affected_by_cascade': False}
INFO:root:INVESTOR (ID: 1) do_player_action_nothing (parameters: None)
INFO:root:Player Status: {'id': 1, 'name': 'INVESTOR (ID: 1)', 'type': 'INVESTOR', 'location_id': 19, 'funds': 2, 'actions_left': 2}
INFO:root:Node Status: {'id': 19, 'name': 'Hafen Marl', 'node_type': 'purple', 'neighbors': [4, 5], 'damage': 0, 'freight': 2, 'affected_by_cascade': False}
INFO:root:INVESTOR (ID: 1) do_player_action_nothing (parameters: None)
INFO:root:Player Status: {'id': 1, 'name': 'INVESTOR (ID: 1)', 'type': 'INVESTOR', 'location_id': 19, 'funds': 2, 'actions_left': 1}
INFO:root:Node Status: {'id': 19, 'name': 'Hafen Marl', 'node_type': 'purple', 'neighbors': [4, 5], 'damage': 0, 'freight': 2, 'affected_by_cascade': False}
INFO:root:Start resupply phase.
INFO:root:Player INVESTOR (ID: 1) draws (1) from the top of the player card stack.
INFO:root:Player INVESTOR (ID: 1) receives 1 fund (now has 3).
INFO:root:Start damage phase.
INFO:root:Draw 1 cards due to destruction level 0.
INFO:root:Player INVESTOR (ID: 1) draws (12) from the top of the damage card stack.
INFO:root:Node 12 (RHK) receives 1 damage (now has 3)
INFO:root:Start action phase.
INFO:root:Player Status: {'id': 2, 'name': 'DRIVER (ID: 2)', 'type': 'DRIVER', 'location_id': 19, 'funds': 2, 'actions_left': 4}
INFO:root:DRIVER (ID: 2) do_player_action_run (parameters: {'destination_id': 4})
INFO:root:Player Status: {'id': 2, 'name': 'DRIVER (ID: 2)', 'type': 'DRIVER', 'location_id': 4, 'funds': 2, 'actions_left': 4}
INFO:root:Node Status: {'id': 4, 'name': 'Dorsten', 'node_type': 'green', 'neighbors': [3, 5, 19], 'damage': 0, 'freight': 0, 'affected_by_cascade': False}
INFO:root:DRIVER (ID: 2) do_player_action_run (parameters: {'destination_id': 3})
INFO:root:Player Status: {'id': 2, 'name': 'DRIVER (ID: 2)', 'type': 'DRIVER', 'location_id': 3, 'funds': 2, 'actions_left': 3}
INFO:root:Node Status: {'id': 3, 'name': 'Hünxe', 'node_type': 'green', 'neighbors': [2, 4], 'damage': 0, 'freight': 0, 'affected_by_cascade': False}
INFO:root:DRIVER (ID: 2) do_player_action_run (parameters: {'destination_id': 2})
INFO:root:Player Status: {'id': 2, 'name': 'DRIVER (ID: 2)', 'type': 'DRIVER', 'location_id': 2, 'funds': 2, 'actions_left': 2}
INFO:root:Node Status: {'id': 2, 'name': 'Friedrichsfeld', 'node_type': 'green', 'neighbors': [1, 3], 'damage': 3, 'freight': 0, 'affected_by_cascade': False}
INFO:root:DRIVER (ID: 2) do_player_action_repair (parameters: None)
INFO:root:Player Status: {'id': 2, 'name': 'DRIVER (ID: 2)', 'type': 'DRIVER', 'location_id': 2, 'funds': 3, 'actions_left': 1}
INFO:root:Node Status: {'id': 2, 'name': 'Friedrichsfeld', 'node_type': 'green', 'neighbors': [1, 3], 'damage': 2, 'freight': 0, 'affected_by_cascade': False}
INFO:root:Start resupply phase.
INFO:root:Player DRIVER (ID: 2) draws (1) from the top of the player card stack.
INFO:root:Player DRIVER (ID: 2) receives 1 fund (now has 4).
INFO:root:Start damage phase.
INFO:root:Draw 1 cards due to destruction level 0.
INFO:root:Player DRIVER (ID: 2) draws (17) from the top of the damage card stack.
INFO:root:Node 17 (Herne-Ost) receives 1 damage (now has 1)
INFO:root:Start action phase.
INFO:root:Player Status: {'id': 3, 'name': 'DRIVER (ID: 3)', 'type': 'DRIVER', 'location_id': 19, 'funds': 2, 'actions_left': 4}
INFO:root:DRIVER (ID: 3) do_player_action_run (parameters: {'destination_id': 5})
INFO:root:Player Status: {'id': 3, 'name': 'DRIVER (ID: 3)', 'type': 'DRIVER', 'location_id': 5, 'funds': 2, 'actions_left': 4}
INFO:root:Node Status: {'id': 5, 'name': 'Flaesheim', 'node_type': 'green', 'neighbors': [4, 6, 19], 'damage': 0, 'freight': 0, 'affected_by_cascade': False}
INFO:root:DRIVER (ID: 3) do_player_action_run (parameters: {'destination_id': 6})
INFO:root:Player Status: {'id': 3, 'name': 'DRIVER (ID: 3)', 'type': 'DRIVER', 'location_id': 6, 'funds': 2, 'actions_left': 3}
INFO:root:Node Status: {'id': 6, 'name': 'Ahsen', 'node_type': 'green', 'neighbors': [5, 7], 'damage': 0, 'freight': 1, 'affected_by_cascade': False}
INFO:root:DRIVER (ID: 3) do_player_action_run (parameters: {'destination_id': 7})
INFO:root:Player Status: {'id': 3, 'name': 'DRIVER (ID: 3)', 'type': 'DRIVER', 'location_id': 7, 'funds': 2, 'actions_left': 2}
INFO:root:Node Status: {'id': 7, 'name': 'Datteln', 'node_type': 'green', 'neighbors': [6, 9], 'damage': 0, 'freight': 0, 'affected_by_cascade': False}
INFO:root:DRIVER (ID: 3) do_player_action_run (parameters: {'destination_id': 9})
INFO:root:Player Status: {'id': 3, 'name': 'DRIVER (ID: 3)', 'type': 'DRIVER', 'location_id': 9, 'funds': 2, 'actions_left': 1}
INFO:root:Node Status: {'id': 9, 'name': 'DEK', 'node_type': 'orange', 'neighbors': [7, 8, 10, 17, 18], 'damage': 0, 'freight': 0, 'affected_by_cascade': False}
INFO:root:Start resupply phase.
INFO:root:Player DRIVER (ID: 3) draws (1) from the top of the player card stack.
INFO:root:Player DRIVER (ID: 3) receives 1 fund (now has 3).
INFO:root:Start damage phase.
INFO:root:Draw 1 cards due to destruction level 0.
INFO:root:Player DRIVER (ID: 3) draws (7) from the top of the damage card stack.
INFO:root:Node 7 (Datteln) receives 1 damage (now has 1)
INFO:root:Start action phase.
INFO:root:Player Status: {'id': 0, 'name': 'INDUSTRY (ID: 0)', 'type': 'INDUSTRY', 'location_id': 6, 'funds': 1, 'actions_left': -1}
INFO:root:INDUSTRY (ID: 0) do_player_action_transport_goods (parameters: {'destination_id': 7})
INFO:root:Player Status: {'id': 0, 'name': 'INDUSTRY (ID: 0)', 'type': 'INDUSTRY', 'location_id': 7, 'funds': 1, 'actions_left': 3}
INFO:root:Node Status: {'id': 7, 'name': 'Datteln', 'node_type': 'green', 'neighbors': [6, 9], 'damage': 1, 'freight': 1, 'affected_by_cascade': False}
INFO:root:INDUSTRY (ID: 0) do_player_action_transport_goods (parameters: {'destination_id': 9})
INFO:root:Player Status: {'id': 0, 'name': 'INDUSTRY (ID: 0)', 'type': 'INDUSTRY', 'location_id': 9, 'funds': 1, 'actions_left': 1}
INFO:root:Node Status: {'id': 9, 'name': 'DEK', 'node_type': 'orange', 'neighbors': [7, 8, 10, 17, 18], 'damage': 0, 'freight': 1, 'affected_by_cascade': False}
INFO:root:Start resupply phase.
INFO:root:Player INDUSTRY (ID: 0) draws (1) from the top of the player card stack.
INFO:root:Player INDUSTRY (ID: 0) receives 1 fund (now has 2).
INFO:root:Start damage phase.
INFO:root:Draw 1 cards due to destruction level 0.
INFO:root:Player INDUSTRY (ID: 0) draws (16) from the top of the damage card stack.
INFO:root:Node 16 (Wanne-Eickel) receives 1 damage (now has 1)
INFO:root:Start action phase.
INFO:root:Player Status: {'id': 1, 'name': 'INVESTOR (ID: 1)', 'type': 'INVESTOR', 'location_id': 19, 'funds': 3, 'actions_left': 0}
INFO:root:INVESTOR (ID: 1) do_player_action_nothing (parameters: None)
INFO:root:Player Status: {'id': 1, 'name': 'INVESTOR (ID: 1)', 'type': 'INVESTOR', 'location_id': 19, 'funds': 3, 'actions_left': 4}
INFO:root:Node Status: {'id': 19, 'name': 'Hafen Marl', 'node_type': 'purple', 'neighbors': [4, 5], 'damage': 0, 'freight': 2, 'affected_by_cascade': False}
INFO:root:INVESTOR (ID: 1) do_player_action_nothing (parameters: None)
INFO:root:Player Status: {'id': 1, 'name': 'INVESTOR (ID: 1)', 'type': 'INVESTOR', 'location_id': 19, 'funds': 3, 'actions_left': 3}
INFO:root:Node Status: {'id': 19, 'name': 'Hafen Marl', 'node_type': 'purple', 'neighbors': [4, 5], 'damage': 0, 'freight': 2, 'affected_by_cascade': False}
INFO:root:INVESTOR (ID: 1) do_player_action_nothing (parameters: None)
INFO:root:Player Status: {'id': 1, 'name': 'INVESTOR (ID: 1)', 'type': 'INVESTOR', 'location_id': 19, 'funds': 3, 'actions_left': 2}
INFO:root:Node Status: {'id': 19, 'name': 'Hafen Marl', 'node_type': 'purple', 'neighbors': [4, 5], 'damage': 0, 'freight': 2, 'affected_by_cascade': False}
INFO:root:INVESTOR (ID: 1) do_player_action_nothing (parameters: None)
INFO:root:Player Status: {'id': 1, 'name': 'INVESTOR (ID: 1)', 'type': 'INVESTOR', 'location_id': 19, 'funds': 3, 'actions_left': 1}
INFO:root:Node Status: {'id': 19, 'name': 'Hafen Marl', 'node_type': 'purple', 'neighbors': [4, 5], 'damage': 0, 'freight': 2, 'affected_by_cascade': False}
INFO:root:Start resupply phase.
INFO:root:Player INVESTOR (ID: 1) draws (0) from the top of the player card stack.
INFO:root:Destrution level increased to 1. Drawing a damage card.
INFO:root:Player INVESTOR (ID: 1) draws (18) from the top of the damage card stack.
INFO:root:Node 18 (Heinrichenburg) receives 3 damage (now has 3)
INFO:root:Shuffle damage card discard stack and put it on top of the damage card stack.
INFO:root:Start damage phase.
INFO:root:Draw 1 cards due to destruction level 1.
INFO:root:Player INVESTOR (ID: 1) draws (13) from the top of the damage card stack.
INFO:root:Node 13 (Duisburg-Mederich) receives 1 damage (now has 2)
INFO:root:Start action phase.
INFO:root:Player Status: {'id': 2, 'name': 'DRIVER (ID: 2)', 'type': 'DRIVER', 'location_id': 2, 'funds': 4, 'actions_left': 0}
INFO:root:DRIVER (ID: 2) do_player_action_run (parameters: {'destination_id': 3})
INFO:root:Player Status: {'id': 2, 'name': 'DRIVER (ID: 2)', 'type': 'DRIVER', 'location_id': 3, 'funds': 4, 'actions_left': 4}
INFO:root:Node Status: {'id': 3, 'name': 'Hünxe', 'node_type': 'green', 'neighbors': [2, 4], 'damage': 0, 'freight': 0, 'affected_by_cascade': False}
INFO:root:DRIVER (ID: 2) do_player_action_run (parameters: {'destination_id': 4})
INFO:root:Player Status: {'id': 2, 'name': 'DRIVER (ID: 2)', 'type': 'DRIVER', 'location_id': 4, 'funds': 4, 'actions_left': 3}
INFO:root:Node Status: {'id': 4, 'name': 'Dorsten', 'node_type': 'green', 'neighbors': [3, 5, 19], 'damage': 0, 'freight': 0, 'affected_by_cascade': False}
INFO:root:DRIVER (ID: 2) do_player_action_run (parameters: {'destination_id': 5})
INFO:root:Player Status: {'id': 2, 'name': 'DRIVER (ID: 2)', 'type': 'DRIVER', 'location_id': 5, 'funds': 4, 'actions_left': 2}
INFO:root:Node Status: {'id': 5, 'name': 'Flaesheim', 'node_type': 'green', 'neighbors': [4, 6, 19], 'damage': 0, 'freight': 0, 'affected_by_cascade': False}
INFO:root:DRIVER (ID: 2) do_player_action_run (parameters: {'destination_id': 6})
INFO:root:Player Status: {'id': 2, 'name': 'DRIVER (ID: 2)', 'type': 'DRIVER', 'location_id': 6, 'funds': 4, 'actions_left': 1}
INFO:root:Node Status: {'id': 6, 'name': 'Ahsen', 'node_type': 'green', 'neighbors': [5, 7], 'damage': 0, 'freight': 0, 'affected_by_cascade': False}
INFO:root:Start resupply phase.
INFO:root:Player DRIVER (ID: 2) draws (1) from the top of the player card stack.
INFO:root:Player DRIVER (ID: 2) receives 1 fund (now has 5).
INFO:root:Start damage phase.
INFO:root:Draw 1 cards due to destruction level 1.
INFO:root:Player DRIVER (ID: 2) draws (1) from the top of the damage card stack.
INFO:root:Node 1 (WDK) receives 1 damage (now has 1)
INFO:root:Start action phase.
INFO:root:Player Status: {'id': 3, 'name': 'DRIVER (ID: 3)', 'type': 'DRIVER', 'location_id': 9, 'funds': 3, 'actions_left': 0}
INFO:root:DRIVER (ID: 3) do_player_action_run (parameters: {'destination_id': 17})
INFO:root:Player Status: {'id': 3, 'name': 'DRIVER (ID: 3)', 'type': 'DRIVER', 'location_id': 17, 'funds': 3, 'actions_left': 4}
INFO:root:Node Status: {'id': 17, 'name': 'Herne-Ost', 'node_type': 'green', 'neighbors': [9, 16], 'damage': 1, 'freight': 0, 'affected_by_cascade': False}
INFO:root:DRIVER (ID: 3) do_player_action_run (parameters: {'destination_id': 16})
INFO:root:Player Status: {'id': 3, 'name': 'DRIVER (ID: 3)', 'type': 'DRIVER', 'location_id': 16, 'funds': 3, 'actions_left': 3}
INFO:root:Node Status: {'id': 16, 'name': 'Wanne-Eickel', 'node_type': 'green', 'neighbors': [15, 17], 'damage': 1, 'freight': 0, 'affected_by_cascade': False}
INFO:root:DRIVER (ID: 3) do_player_action_run (parameters: {'destination_id': 15})
INFO:root:Player Status: {'id': 3, 'name': 'DRIVER (ID: 3)', 'type': 'DRIVER', 'location_id': 15, 'funds': 3, 'actions_left': 2}
INFO:root:Node Status: {'id': 15, 'name': 'Gelsenkrichen', 'node_type': 'green', 'neighbors': [14, 16], 'damage': 0, 'freight': 0, 'affected_by_cascade': False}
INFO:root:DRIVER (ID: 3) do_player_action_run (parameters: {'destination_id': 14})
INFO:root:Player Status: {'id': 3, 'name': 'DRIVER (ID: 3)', 'type': 'DRIVER', 'location_id': 14, 'funds': 3, 'actions_left': 1}
INFO:root:Node Status: {'id': 14, 'name': 'Oberhausen', 'node_type': 'green', 'neighbors': [13, 15], 'damage': 0, 'freight': 0, 'affected_by_cascade': False}
INFO:root:Start resupply phase.
INFO:root:Player DRIVER (ID: 3) draws (1) from the top of the player card stack.
INFO:root:Player DRIVER (ID: 3) receives 1 fund (now has 4).
INFO:root:Start damage phase.
INFO:root:Draw 1 cards due to destruction level 1.
INFO:root:Player DRIVER (ID: 3) draws (7) from the top of the damage card stack.
INFO:root:Node 7 (Datteln) receives 1 damage (now has 2)
INFO:root:Start action phase.
INFO:root:Player Status: {'id': 0, 'name': 'INDUSTRY (ID: 0)', 'type': 'INDUSTRY', 'location_id': 9, 'funds': 2, 'actions_left': 0}
INFO:root:INDUSTRY (ID: 0) do_player_action_transport_goods (parameters: {'destination_id': 18})
INFO:root:Player Status: {'id': 0, 'name': 'INDUSTRY (ID: 0)', 'type': 'INDUSTRY', 'location_id': 18, 'funds': 2, 'actions_left': 3}
INFO:root:Node Status: {'id': 18, 'name': 'Heinrichenburg', 'node_type': 'green', 'neighbors': [9, 21], 'damage': 3, 'freight': 1, 'affected_by_cascade': False}
WARNING:root:Invalid Action do_player_action_transport_goods. Doing nothing instead.
WARNING:root:Invalid Action do_player_action_transport_goods. Doing nothing instead.
INFO:root:Start resupply phase.
INFO:root:Player INDUSTRY (ID: 0) draws (1) from the top of the player card stack.
INFO:root:Player INDUSTRY (ID: 0) receives 1 fund (now has 3).
INFO:root:Start damage phase.
INFO:root:Draw 1 cards due to destruction level 1.
INFO:root:Player INDUSTRY (ID: 0) draws (10) from the top of the damage card stack.
INFO:root:Node 10 (DHK) receives 1 damage (now has 1)
INFO:root:Start action phase.
INFO:root:Player Status: {'id': 1, 'name': 'INVESTOR (ID: 1)', 'type': 'INVESTOR', 'location_id': 19, 'funds': 3, 'actions_left': 0}
INFO:root:INVESTOR (ID: 1) do_player_action_nothing (parameters: None)
INFO:root:Player Status: {'id': 1, 'name': 'INVESTOR (ID: 1)', 'type': 'INVESTOR', 'location_id': 19, 'funds': 3, 'actions_left': 4}
INFO:root:Node Status: {'id': 19, 'name': 'Hafen Marl', 'node_type': 'purple', 'neighbors': [4, 5], 'damage': 0, 'freight': 2, 'affected_by_cascade': False}
INFO:root:INVESTOR (ID: 1) do_player_action_nothing (parameters: None)
INFO:root:Player Status: {'id': 1, 'name': 'INVESTOR (ID: 1)', 'type': 'INVESTOR', 'location_id': 19, 'funds': 3, 'actions_left': 3}
INFO:root:Node Status: {'id': 19, 'name': 'Hafen Marl', 'node_type': 'purple', 'neighbors': [4, 5], 'damage': 0, 'freight': 2, 'affected_by_cascade': False}
INFO:root:INVESTOR (ID: 1) do_player_action_nothing (parameters: None)
INFO:root:Player Status: {'id': 1, 'name': 'INVESTOR (ID: 1)', 'type': 'INVESTOR', 'location_id': 19, 'funds': 3, 'actions_left': 2}
INFO:root:Node Status: {'id': 19, 'name': 'Hafen Marl', 'node_type': 'purple', 'neighbors': [4, 5], 'damage': 0, 'freight': 2, 'affected_by_cascade': False}
INFO:root:INVESTOR (ID: 1) do_player_action_nothing (parameters: None)
INFO:root:Player Status: {'id': 1, 'name': 'INVESTOR (ID: 1)', 'type': 'INVESTOR', 'location_id': 19, 'funds': 3, 'actions_left': 1}
INFO:root:Node Status: {'id': 19, 'name': 'Hafen Marl', 'node_type': 'purple', 'neighbors': [4, 5], 'damage': 0, 'freight': 2, 'affected_by_cascade': False}
INFO:root:Start resupply phase.
INFO:root:Player INVESTOR (ID: 1) draws (1) from the top of the player card stack.
INFO:root:Player INVESTOR (ID: 1) receives 1 fund (now has 4).
INFO:root:Start damage phase.
INFO:root:Draw 1 cards due to destruction level 1.
INFO:root:Player INVESTOR (ID: 1) draws (16) from the top of the damage card stack.
INFO:root:Node 16 (Wanne-Eickel) receives 1 damage (now has 2)
INFO:root:Start action phase.
INFO:root:Player Status: {'id': 2, 'name': 'DRIVER (ID: 2)', 'type': 'DRIVER', 'location_id': 6, 'funds': 5, 'actions_left': 0}
INFO:root:DRIVER (ID: 2) do_player_action_run (parameters: {'destination_id': 7})
INFO:root:Player Status: {'id': 2, 'name': 'DRIVER (ID: 2)', 'type': 'DRIVER', 'location_id': 7, 'funds': 5, 'actions_left': 4}
INFO:root:Node Status: {'id': 7, 'name': 'Datteln', 'node_type': 'green', 'neighbors': [6, 9], 'damage': 2, 'freight': 0, 'affected_by_cascade': False}
INFO:root:DRIVER (ID: 2) do_player_action_run (parameters: {'destination_id': 9})
INFO:root:Player Status: {'id': 2, 'name': 'DRIVER (ID: 2)', 'type': 'DRIVER', 'location_id': 9, 'funds': 5, 'actions_left': 3}
INFO:root:Node Status: {'id': 9, 'name': 'DEK', 'node_type': 'orange', 'neighbors': [7, 8, 10, 17, 18], 'damage': 0, 'freight': 0, 'affected_by_cascade': False}
INFO:root:DRIVER (ID: 2) do_player_action_run (parameters: {'destination_id': 18})
INFO:root:Player Status: {'id': 2, 'name': 'DRIVER (ID: 2)', 'type': 'DRIVER', 'location_id': 18, 'funds': 5, 'actions_left': 2}
INFO:root:Node Status: {'id': 18, 'name': 'Heinrichenburg', 'node_type': 'green', 'neighbors': [9, 21], 'damage': 3, 'freight': 1, 'affected_by_cascade': False}
INFO:root:DRIVER (ID: 2) do_player_action_repair (parameters: None)
INFO:root:Player Status: {'id': 2, 'name': 'DRIVER (ID: 2)', 'type': 'DRIVER', 'location_id': 18, 'funds': 6, 'actions_left': 1}
INFO:root:Node Status: {'id': 18, 'name': 'Heinrichenburg', 'node_type': 'green', 'neighbors': [9, 21], 'damage': 2, 'freight': 1, 'affected_by_cascade': False}
INFO:root:Start resupply phase.
INFO:root:Player DRIVER (ID: 2) draws (1) from the top of the player card stack.
INFO:root:Player DRIVER (ID: 2) receives 1 fund (now has 7).
INFO:root:Start damage phase.
INFO:root:Draw 1 cards due to destruction level 1.
INFO:root:Player DRIVER (ID: 2) draws (18) from the top of the damage card stack.
INFO:root:Node 18 (Heinrichenburg) receives 1 damage (now has 3)
INFO:root:Start action phase.
INFO:root:Player Status: {'id': 3, 'name': 'DRIVER (ID: 3)', 'type': 'DRIVER', 'location_id': 14, 'funds': 4, 'actions_left': 0}
INFO:root:DRIVER (ID: 3) do_player_action_run (parameters: {'destination_id': 13})
INFO:root:Player Status: {'id': 3, 'name': 'DRIVER (ID: 3)', 'type': 'DRIVER', 'location_id': 13, 'funds': 4, 'actions_left': 4}
INFO:root:Node Status: {'id': 13, 'name': 'Duisburg-Mederich', 'node_type': 'green', 'neighbors': [12, 14], 'damage': 2, 'freight': 0, 'affected_by_cascade': False}
INFO:root:DRIVER (ID: 3) do_player_action_run (parameters: {'destination_id': 12})
INFO:root:Player Status: {'id': 3, 'name': 'DRIVER (ID: 3)', 'type': 'DRIVER', 'location_id': 12, 'funds': 4, 'actions_left': 3}
INFO:root:Node Status: {'id': 12, 'name': 'RHK', 'node_type': 'orange', 'neighbors': [13], 'damage': 3, 'freight': 0, 'affected_by_cascade': False}
INFO:root:DRIVER (ID: 3) do_player_action_repair (parameters: None)
INFO:root:Player Status: {'id': 3, 'name': 'DRIVER (ID: 3)', 'type': 'DRIVER', 'location_id': 12, 'funds': 5, 'actions_left': 2}
INFO:root:Node Status: {'id': 12, 'name': 'RHK', 'node_type': 'orange', 'neighbors': [13], 'damage': 2, 'freight': 0, 'affected_by_cascade': False}
INFO:root:DRIVER (ID: 3) do_player_action_run (parameters: {'destination_id': 13})
INFO:root:Player Status: {'id': 3, 'name': 'DRIVER (ID: 3)', 'type': 'DRIVER', 'location_id': 13, 'funds': 5, 'actions_left': 1}
INFO:root:Node Status: {'id': 13, 'name': 'Duisburg-Mederich', 'node_type': 'green', 'neighbors': [12, 14], 'damage': 2, 'freight': 0, 'affected_by_cascade': False}
INFO:root:Start resupply phase.
INFO:root:Player DRIVER (ID: 3) draws (1) from the top of the player card stack.
INFO:root:Player DRIVER (ID: 3) receives 1 fund (now has 6).
INFO:root:Start damage phase.
INFO:root:Draw 1 cards due to destruction level 1.
INFO:root:Player DRIVER (ID: 3) draws (11) from the top of the damage card stack.
INFO:root:Node 11 (Hamm) receives 1 damage (now has 2)
INFO:root:Start action phase.
INFO:root:Player Status: {'id': 0, 'name': 'INDUSTRY (ID: 0)', 'type': 'INDUSTRY', 'location_id': 18, 'funds': 3, 'actions_left': 0}
WARNING:root:Invalid Action do_player_action_transport_goods. Doing nothing instead.
WARNING:root:Invalid Action do_player_action_transport_goods. Doing nothing instead.
WARNING:root:Invalid Action do_player_action_transport_goods. Doing nothing instead.
WARNING:root:Invalid Action do_player_action_transport_goods. Doing nothing instead.
INFO:root:Start resupply phase.
INFO:root:Player INDUSTRY (ID: 0) draws (1) from the top of the player card stack.
INFO:root:Player INDUSTRY (ID: 0) receives 1 fund (now has 4).
INFO:root:Start damage phase.
INFO:root:Draw 1 cards due to destruction level 1.
INFO:root:Player INDUSTRY (ID: 0) draws (17) from the top of the damage card stack.
INFO:root:Node 17 (Herne-Ost) receives 1 damage (now has 2)
INFO:root:Start action phase.
INFO:root:Player Status: {'id': 1, 'name': 'INVESTOR (ID: 1)', 'type': 'INVESTOR', 'location_id': 19, 'funds': 4, 'actions_left': 0}
INFO:root:INVESTOR (ID: 1) do_player_action_nothing (parameters: None)
INFO:root:Player Status: {'id': 1, 'name': 'INVESTOR (ID: 1)', 'type': 'INVESTOR', 'location_id': 19, 'funds': 4, 'actions_left': 4}
INFO:root:Node Status: {'id': 19, 'name': 'Hafen Marl', 'node_type': 'purple', 'neighbors': [4, 5], 'damage': 0, 'freight': 2, 'affected_by_cascade': False}
INFO:root:INVESTOR (ID: 1) do_player_action_nothing (parameters: None)
INFO:root:Player Status: {'id': 1, 'name': 'INVESTOR (ID: 1)', 'type': 'INVESTOR', 'location_id': 19, 'funds': 4, 'actions_left': 3}
INFO:root:Node Status: {'id': 19, 'name': 'Hafen Marl', 'node_type': 'purple', 'neighbors': [4, 5], 'damage': 0, 'freight': 2, 'affected_by_cascade': False}
INFO:root:INVESTOR (ID: 1) do_player_action_nothing (parameters: None)
INFO:root:Player Status: {'id': 1, 'name': 'INVESTOR (ID: 1)', 'type': 'INVESTOR', 'location_id': 19, 'funds': 4, 'actions_left': 2}
INFO:root:Node Status: {'id': 19, 'name': 'Hafen Marl', 'node_type': 'purple', 'neighbors': [4, 5], 'damage': 0, 'freight': 2, 'affected_by_cascade': False}
INFO:root:INVESTOR (ID: 1) do_player_action_nothing (parameters: None)
INFO:root:Player Status: {'id': 1, 'name': 'INVESTOR (ID: 1)', 'type': 'INVESTOR', 'location_id': 19, 'funds': 4, 'actions_left': 1}
INFO:root:Node Status: {'id': 19, 'name': 'Hafen Marl', 'node_type': 'purple', 'neighbors': [4, 5], 'damage': 0, 'freight': 2, 'affected_by_cascade': False}
INFO:root:Start resupply phase.
INFO:root:Player INVESTOR (ID: 1) draws (1) from the top of the player card stack.
INFO:root:Player INVESTOR (ID: 1) receives 1 fund (now has 5).
INFO:root:Start damage phase.
INFO:root:Draw 1 cards due to destruction level 1.
INFO:root:Player INVESTOR (ID: 1) draws (12) from the top of the damage card stack.
INFO:root:Node 12 (RHK) receives 1 damage (now has 3)
INFO:root:Start action phase.
INFO:root:Player Status: {'id': 2, 'name': 'DRIVER (ID: 2)', 'type': 'DRIVER', 'location_id': 18, 'funds': 7, 'actions_left': 0}
INFO:root:DRIVER (ID: 2) do_player_action_repair (parameters: None)
INFO:root:Player Status: {'id': 2, 'name': 'DRIVER (ID: 2)', 'type': 'DRIVER', 'location_id': 18, 'funds': 8, 'actions_left': 4}
INFO:root:Node Status: {'id': 18, 'name': 'Heinrichenburg', 'node_type': 'green', 'neighbors': [9, 21], 'damage': 2, 'freight': 1, 'affected_by_cascade': False}
INFO:root:DRIVER (ID: 2) do_player_action_run (parameters: {'destination_id': 9})
INFO:root:Player Status: {'id': 2, 'name': 'DRIVER (ID: 2)', 'type': 'DRIVER', 'location_id': 9, 'funds': 8, 'actions_left': 3}
INFO:root:Node Status: {'id': 9, 'name': 'DEK', 'node_type': 'orange', 'neighbors': [7, 8, 10, 17, 18], 'damage': 0, 'freight': 0, 'affected_by_cascade': False}
INFO:root:DRIVER (ID: 2) do_player_action_run (parameters: {'destination_id': 7})
INFO:root:Player Status: {'id': 2, 'name': 'DRIVER (ID: 2)', 'type': 'DRIVER', 'location_id': 7, 'funds': 8, 'actions_left': 2}
INFO:root:Node Status: {'id': 7, 'name': 'Datteln', 'node_type': 'green', 'neighbors': [6, 9], 'damage': 2, 'freight': 0, 'affected_by_cascade': False}
INFO:root:DRIVER (ID: 2) do_player_action_repair (parameters: None)
INFO:root:Player Status: {'id': 2, 'name': 'DRIVER (ID: 2)', 'type': 'DRIVER', 'location_id': 7, 'funds': 9, 'actions_left': 1}
INFO:root:Node Status: {'id': 7, 'name': 'Datteln', 'node_type': 'green', 'neighbors': [6, 9], 'damage': 1, 'freight': 0, 'affected_by_cascade': False}
INFO:root:Start resupply phase.
INFO:root:Player DRIVER (ID: 2) draws (1) from the top of the player card stack.
INFO:root:Player DRIVER (ID: 2) receives 1 fund (now has 10).
INFO:root:Start damage phase.
INFO:root:Draw 1 cards due to destruction level 1.
INFO:root:Player DRIVER (ID: 2) draws (15) from the top of the damage card stack.
INFO:root:Node 15 (Gelsenkrichen) receives 1 damage (now has 1)
INFO:root:Start action phase.
INFO:root:Player Status: {'id': 3, 'name': 'DRIVER (ID: 3)', 'type': 'DRIVER', 'location_id': 13, 'funds': 6, 'actions_left': 0}
INFO:root:DRIVER (ID: 3) do_player_action_run (parameters: {'destination_id': 14})
INFO:root:Player Status: {'id': 3, 'name': 'DRIVER (ID: 3)', 'type': 'DRIVER', 'location_id': 14, 'funds': 6, 'actions_left': 4}
INFO:root:Node Status: {'id': 14, 'name': 'Oberhausen', 'node_type': 'green', 'neighbors': [13, 15], 'damage': 0, 'freight': 0, 'affected_by_cascade': False}
INFO:root:DRIVER (ID: 3) do_player_action_run (parameters: {'destination_id': 15})
INFO:root:Player Status: {'id': 3, 'name': 'DRIVER (ID: 3)', 'type': 'DRIVER', 'location_id': 15, 'funds': 6, 'actions_left': 3}
INFO:root:Node Status: {'id': 15, 'name': 'Gelsenkrichen', 'node_type': 'green', 'neighbors': [14, 16], 'damage': 1, 'freight': 0, 'affected_by_cascade': False}
INFO:root:DRIVER (ID: 3) do_player_action_run (parameters: {'destination_id': 16})
INFO:root:Player Status: {'id': 3, 'name': 'DRIVER (ID: 3)', 'type': 'DRIVER', 'location_id': 16, 'funds': 6, 'actions_left': 2}
INFO:root:Node Status: {'id': 16, 'name': 'Wanne-Eickel', 'node_type': 'green', 'neighbors': [15, 17], 'damage': 2, 'freight': 0, 'affected_by_cascade': False}
INFO:root:DRIVER (ID: 3) do_player_action_run (parameters: {'destination_id': 17})
INFO:root:Player Status: {'id': 3, 'name': 'DRIVER (ID: 3)', 'type': 'DRIVER', 'location_id': 17, 'funds': 6, 'actions_left': 1}
INFO:root:Node Status: {'id': 17, 'name': 'Herne-Ost', 'node_type': 'green', 'neighbors': [9, 16], 'damage': 2, 'freight': 0, 'affected_by_cascade': False}
INFO:root:Start resupply phase.
INFO:root:Player DRIVER (ID: 3) draws (1) from the top of the player card stack.
INFO:root:Player DRIVER (ID: 3) receives 1 fund (now has 7).
INFO:root:Start damage phase.
INFO:root:Draw 1 cards due to destruction level 1.
INFO:root:Player DRIVER (ID: 3) draws (3) from the top of the damage card stack.
INFO:root:Node 3 (Hünxe) receives 1 damage (now has 1)
INFO:root:Start action phase.
INFO:root:Player Status: {'id': 0, 'name': 'INDUSTRY (ID: 0)', 'type': 'INDUSTRY', 'location_id': 18, 'funds': 4, 'actions_left': 0}
INFO:root:INDUSTRY (ID: 0) do_player_action_transport_goods (parameters: {'destination_id': 21})
INFO:root:Player Status: {'id': 0, 'name': 'INDUSTRY (ID: 0)', 'type': 'INDUSTRY', 'location_id': 21, 'funds': 4, 'actions_left': 3}
INFO:root:Node Status: {'id': 21, 'name': 'Hafen Dortmund', 'node_type': 'purple', 'neighbors': [18], 'damage': 0, 'freight': 1, 'affected_by_cascade': False}
INFO:root:INDUSTRY (ID: 0) do_player_action_run (parameters: {'destination_id': 18})
INFO:root:Player Status: {'id': 0, 'name': 'INDUSTRY (ID: 0)', 'type': 'INDUSTRY', 'location_id': 18, 'funds': 4, 'actions_left': 2}
INFO:root:Node Status: {'id': 18, 'name': 'Heinrichenburg', 'node_type': 'green', 'neighbors': [9, 21], 'damage': 2, 'freight': 0, 'affected_by_cascade': False}
INFO:root:INDUSTRY (ID: 0) do_player_action_run (parameters: {'destination_id': 9})
INFO:root:Player Status: {'id': 0, 'name': 'INDUSTRY (ID: 0)', 'type': 'INDUSTRY', 'location_id': 9, 'funds': 4, 'actions_left': 1}
INFO:root:Node Status: {'id': 9, 'name': 'DEK', 'node_type': 'orange', 'neighbors': [7, 8, 10, 17, 18], 'damage': 0, 'freight': 0, 'affected_by_cascade': False}
INFO:root:Start resupply phase.
INFO:root:Player INDUSTRY (ID: 0) draws (1) from the top of the player card stack.
INFO:root:Player INDUSTRY (ID: 0) receives 1 fund (now has 5).
INFO:root:Start damage phase.
INFO:root:Draw 1 cards due to destruction level 1.
INFO:root:Player INDUSTRY (ID: 0) draws (14) from the top of the damage card stack.
INFO:root:Node 14 (Oberhausen) receives 1 damage (now has 1)
INFO:root:Start action phase.
INFO:root:Player Status: {'id': 1, 'name': 'INVESTOR (ID: 1)', 'type': 'INVESTOR', 'location_id': 19, 'funds': 5, 'actions_left': 0}
INFO:root:INVESTOR (ID: 1) do_player_action_nothing (parameters: None)
INFO:root:Player Status: {'id': 1, 'name': 'INVESTOR (ID: 1)', 'type': 'INVESTOR', 'location_id': 19, 'funds': 5, 'actions_left': 4}
INFO:root:Node Status: {'id': 19, 'name': 'Hafen Marl', 'node_type': 'purple', 'neighbors': [4, 5], 'damage': 0, 'freight': 2, 'affected_by_cascade': False}
INFO:root:INVESTOR (ID: 1) do_player_action_nothing (parameters: None)
INFO:root:Player Status: {'id': 1, 'name': 'INVESTOR (ID: 1)', 'type': 'INVESTOR', 'location_id': 19, 'funds': 5, 'actions_left': 3}
INFO:root:Node Status: {'id': 19, 'name': 'Hafen Marl', 'node_type': 'purple', 'neighbors': [4, 5], 'damage': 0, 'freight': 2, 'affected_by_cascade': False}
INFO:root:INVESTOR (ID: 1) do_player_action_nothing (parameters: None)
INFO:root:Player Status: {'id': 1, 'name': 'INVESTOR (ID: 1)', 'type': 'INVESTOR', 'location_id': 19, 'funds': 5, 'actions_left': 2}
INFO:root:Node Status: {'id': 19, 'name': 'Hafen Marl', 'node_type': 'purple', 'neighbors': [4, 5], 'damage': 0, 'freight': 2, 'affected_by_cascade': False}
INFO:root:INVESTOR (ID: 1) do_player_action_nothing (parameters: None)
INFO:root:Player Status: {'id': 1, 'name': 'INVESTOR (ID: 1)', 'type': 'INVESTOR', 'location_id': 19, 'funds': 5, 'actions_left': 1}
INFO:root:Node Status: {'id': 19, 'name': 'Hafen Marl', 'node_type': 'purple', 'neighbors': [4, 5], 'damage': 0, 'freight': 2, 'affected_by_cascade': False}
INFO:root:Start resupply phase.
INFO:root:Player INVESTOR (ID: 1) draws (1) from the top of the player card stack.
INFO:root:Player INVESTOR (ID: 1) receives 1 fund (now has 6).
INFO:root:Start damage phase.
INFO:root:Draw 1 cards due to destruction level 1.
INFO:root:Player INVESTOR (ID: 1) draws (6) from the top of the damage card stack.
INFO:root:Node 6 (Ahsen) receives 1 damage (now has 1)
INFO:root:Start action phase.
INFO:root:Player Status: {'id': 2, 'name': 'DRIVER (ID: 2)', 'type': 'DRIVER', 'location_id': 7, 'funds': 10, 'actions_left': 0}
INFO:root:DRIVER (ID: 2) do_player_action_run (parameters: {'destination_id': 9})
INFO:root:Player Status: {'id': 2, 'name': 'DRIVER (ID: 2)', 'type': 'DRIVER', 'location_id': 9, 'funds': 10, 'actions_left': 4}
INFO:root:Node Status: {'id': 9, 'name': 'DEK', 'node_type': 'orange', 'neighbors': [7, 8, 10, 17, 18], 'damage': 0, 'freight': 0, 'affected_by_cascade': False}
INFO:root:DRIVER (ID: 2) do_player_action_run (parameters: {'destination_id': 18})
INFO:root:Player Status: {'id': 2, 'name': 'DRIVER (ID: 2)', 'type': 'DRIVER', 'location_id': 18, 'funds': 10, 'actions_left': 3}
INFO:root:Node Status: {'id': 18, 'name': 'Heinrichenburg', 'node_type': 'green', 'neighbors': [9, 21], 'damage': 2, 'freight': 0, 'affected_by_cascade': False}
INFO:root:DRIVER (ID: 2) do_player_action_repair (parameters: None)
INFO:root:Player Status: {'id': 2, 'name': 'DRIVER (ID: 2)', 'type': 'DRIVER', 'location_id': 18, 'funds': 11, 'actions_left': 2}
INFO:root:Node Status: {'id': 18, 'name': 'Heinrichenburg', 'node_type': 'green', 'neighbors': [9, 21], 'damage': 1, 'freight': 0, 'affected_by_cascade': False}
INFO:root:DRIVER (ID: 2) do_player_action_run (parameters: {'destination_id': 9})
INFO:root:Player Status: {'id': 2, 'name': 'DRIVER (ID: 2)', 'type': 'DRIVER', 'location_id': 9, 'funds': 11, 'actions_left': 1}
INFO:root:Node Status: {'id': 9, 'name': 'DEK', 'node_type': 'orange', 'neighbors': [7, 8, 10, 17, 18], 'damage': 0, 'freight': 0, 'affected_by_cascade': False}
INFO:root:Start resupply phase.
INFO:root:Player DRIVER (ID: 2) draws (1) from the top of the player card stack.
INFO:root:Player DRIVER (ID: 2) receives 1 fund (now has 12).
INFO:root:Start damage phase.
INFO:root:Draw 1 cards due to destruction level 1.
INFO:root:Player DRIVER (ID: 2) draws (2) from the top of the damage card stack.
INFO:root:Node 2 (Friedrichsfeld) receives 1 damage (now has 3)
INFO:root:Start action phase.
INFO:root:Player Status: {'id': 3, 'name': 'DRIVER (ID: 3)', 'type': 'DRIVER', 'location_id': 17, 'funds': 7, 'actions_left': 0}
INFO:root:DRIVER (ID: 3) do_player_action_run (parameters: {'destination_id': 9})
INFO:root:Player Status: {'id': 3, 'name': 'DRIVER (ID: 3)', 'type': 'DRIVER', 'location_id': 9, 'funds': 7, 'actions_left': 4}
INFO:root:Node Status: {'id': 9, 'name': 'DEK', 'node_type': 'orange', 'neighbors': [7, 8, 10, 17, 18], 'damage': 0, 'freight': 0, 'affected_by_cascade': False}
INFO:root:DRIVER (ID: 3) do_player_action_run (parameters: {'destination_id': 18})
INFO:root:Player Status: {'id': 3, 'name': 'DRIVER (ID: 3)', 'type': 'DRIVER', 'location_id': 18, 'funds': 7, 'actions_left': 3}
INFO:root:Node Status: {'id': 18, 'name': 'Heinrichenburg', 'node_type': 'green', 'neighbors': [9, 21], 'damage': 1, 'freight': 0, 'affected_by_cascade': False}
INFO:root:DRIVER (ID: 3) do_player_action_repair (parameters: None)
INFO:root:Player Status: {'id': 3, 'name': 'DRIVER (ID: 3)', 'type': 'DRIVER', 'location_id': 18, 'funds': 8, 'actions_left': 2}
INFO:root:Node Status: {'id': 18, 'name': 'Heinrichenburg', 'node_type': 'green', 'neighbors': [9, 21], 'damage': 0, 'freight': 0, 'affected_by_cascade': False}
INFO:root:DRIVER (ID: 3) do_player_action_run (parameters: {'destination_id': 9})
INFO:root:Player Status: {'id': 3, 'name': 'DRIVER (ID: 3)', 'type': 'DRIVER', 'location_id': 9, 'funds': 8, 'actions_left': 1}
INFO:root:Node Status: {'id': 9, 'name': 'DEK', 'node_type': 'orange', 'neighbors': [7, 8, 10, 17, 18], 'damage': 0, 'freight': 0, 'affected_by_cascade': False}
INFO:root:Start resupply phase.
INFO:root:Player DRIVER (ID: 3) draws (1) from the top of the player card stack.
INFO:root:Player DRIVER (ID: 3) receives 1 fund (now has 9).
INFO:root:Start damage phase.
INFO:root:Draw 1 cards due to destruction level 1.
INFO:root:Player DRIVER (ID: 3) draws (5) from the top of the damage card stack.
INFO:root:Node 5 (Flaesheim) receives 1 damage (now has 1)
INFO:root:Start action phase.
INFO:root:Player Status: {'id': 0, 'name': 'INDUSTRY (ID: 0)', 'type': 'INDUSTRY', 'location_id': 9, 'funds': 5, 'actions_left': 0}
INFO:root:INDUSTRY (ID: 0) do_player_action_run (parameters: {'destination_id': 7})
INFO:root:Player Status: {'id': 0, 'name': 'INDUSTRY (ID: 0)', 'type': 'INDUSTRY', 'location_id': 7, 'funds': 5, 'actions_left': 4}
INFO:root:Node Status: {'id': 7, 'name': 'Datteln', 'node_type': 'green', 'neighbors': [6, 9], 'damage': 1, 'freight': 0, 'affected_by_cascade': False}
INFO:root:INDUSTRY (ID: 0) do_player_action_run (parameters: {'destination_id': 6})
INFO:root:Player Status: {'id': 0, 'name': 'INDUSTRY (ID: 0)', 'type': 'INDUSTRY', 'location_id': 6, 'funds': 5, 'actions_left': 3}
INFO:root:Node Status: {'id': 6, 'name': 'Ahsen', 'node_type': 'green', 'neighbors': [5, 7], 'damage': 1, 'freight': 0, 'affected_by_cascade': False}
INFO:root:INDUSTRY (ID: 0) do_player_action_run (parameters: {'destination_id': 5})
INFO:root:Player Status: {'id': 0, 'name': 'INDUSTRY (ID: 0)', 'type': 'INDUSTRY', 'location_id': 5, 'funds': 5, 'actions_left': 2}
INFO:root:Node Status: {'id': 5, 'name': 'Flaesheim', 'node_type': 'green', 'neighbors': [4, 6, 19], 'damage': 1, 'freight': 0, 'affected_by_cascade': False}
INFO:root:INDUSTRY (ID: 0) do_player_action_run (parameters: {'destination_id': 19})
INFO:root:Player Status: {'id': 0, 'name': 'INDUSTRY (ID: 0)', 'type': 'INDUSTRY', 'location_id': 19, 'funds': 5, 'actions_left': 1}
INFO:root:Node Status: {'id': 19, 'name': 'Hafen Marl', 'node_type': 'purple', 'neighbors': [4, 5], 'damage': 0, 'freight': 2, 'affected_by_cascade': False}
INFO:root:Start resupply phase.
INFO:root:Player INDUSTRY (ID: 0) draws (1) from the top of the player card stack.
INFO:root:Player INDUSTRY (ID: 0) receives 1 fund (now has 6).
INFO:root:Start damage phase.
INFO:root:Draw 1 cards due to destruction level 1.
INFO:root:Player INDUSTRY (ID: 0) draws (8) from the top of the damage card stack.
INFO:root:Node 8 (Münster) receives 1 damage (now has 1)
INFO:root:Start action phase.
INFO:root:Player Status: {'id': 1, 'name': 'INVESTOR (ID: 1)', 'type': 'INVESTOR', 'location_id': 19, 'funds': 6, 'actions_left': 0}
INFO:root:INVESTOR (ID: 1) do_player_action_nothing (parameters: None)
INFO:root:Player Status: {'id': 1, 'name': 'INVESTOR (ID: 1)', 'type': 'INVESTOR', 'location_id': 19, 'funds': 6, 'actions_left': 4}
INFO:root:Node Status: {'id': 19, 'name': 'Hafen Marl', 'node_type': 'purple', 'neighbors': [4, 5], 'damage': 0, 'freight': 2, 'affected_by_cascade': False}
INFO:root:INVESTOR (ID: 1) do_player_action_nothing (parameters: None)
INFO:root:Player Status: {'id': 1, 'name': 'INVESTOR (ID: 1)', 'type': 'INVESTOR', 'location_id': 19, 'funds': 6, 'actions_left': 3}
INFO:root:Node Status: {'id': 19, 'name': 'Hafen Marl', 'node_type': 'purple', 'neighbors': [4, 5], 'damage': 0, 'freight': 2, 'affected_by_cascade': False}
INFO:root:INVESTOR (ID: 1) do_player_action_nothing (parameters: None)
INFO:root:Player Status: {'id': 1, 'name': 'INVESTOR (ID: 1)', 'type': 'INVESTOR', 'location_id': 19, 'funds': 6, 'actions_left': 2}
INFO:root:Node Status: {'id': 19, 'name': 'Hafen Marl', 'node_type': 'purple', 'neighbors': [4, 5], 'damage': 0, 'freight': 2, 'affected_by_cascade': False}
INFO:root:INVESTOR (ID: 1) do_player_action_nothing (parameters: None)
INFO:root:Player Status: {'id': 1, 'name': 'INVESTOR (ID: 1)', 'type': 'INVESTOR', 'location_id': 19, 'funds': 6, 'actions_left': 1}
INFO:root:Node Status: {'id': 19, 'name': 'Hafen Marl', 'node_type': 'purple', 'neighbors': [4, 5], 'damage': 0, 'freight': 2, 'affected_by_cascade': False}
INFO:root:Start resupply phase.
INFO:root:Player INVESTOR (ID: 1) draws (0) from the top of the player card stack.
INFO:root:Destrution level increased to 2. Drawing a damage card.
INFO:root:Player INVESTOR (ID: 1) draws (9) from the top of the damage card stack.
INFO:root:Node 9 (DEK) receives 3 damage (now has 3)
INFO:root:Shuffle damage card discard stack and put it on top of the damage card stack.
INFO:root:Start damage phase.
INFO:root:Draw 2 cards due to destruction level 2.
INFO:root:Player INVESTOR (ID: 1) draws (3) from the top of the damage card stack.
INFO:root:Node 3 (Hünxe) receives 1 damage (now has 2)
INFO:root:Player INVESTOR (ID: 1) draws (18) from the top of the damage card stack.
INFO:root:Node 18 (Heinrichenburg) receives 1 damage (now has 1)
INFO:root:Start action phase.
INFO:root:Player Status: {'id': 2, 'name': 'DRIVER (ID: 2)', 'type': 'DRIVER', 'location_id': 9, 'funds': 12, 'actions_left': 0}
INFO:root:DRIVER (ID: 2) do_player_action_run (parameters: {'destination_id': 7})
INFO:root:Player Status: {'id': 2, 'name': 'DRIVER (ID: 2)', 'type': 'DRIVER', 'location_id': 7, 'funds': 12, 'actions_left': 4}
INFO:root:Node Status: {'id': 7, 'name': 'Datteln', 'node_type': 'green', 'neighbors': [6, 9], 'damage': 1, 'freight': 0, 'affected_by_cascade': False}
INFO:root:DRIVER (ID: 2) do_player_action_run (parameters: {'destination_id': 6})
INFO:root:Player Status: {'id': 2, 'name': 'DRIVER (ID: 2)', 'type': 'DRIVER', 'location_id': 6, 'funds': 12, 'actions_left': 3}
INFO:root:Node Status: {'id': 6, 'name': 'Ahsen', 'node_type': 'green', 'neighbors': [5, 7], 'damage': 1, 'freight': 0, 'affected_by_cascade': False}
INFO:root:DRIVER (ID: 2) do_player_action_repair (parameters: None)
INFO:root:Player Status: {'id': 2, 'name': 'DRIVER (ID: 2)', 'type': 'DRIVER', 'location_id': 6, 'funds': 13, 'actions_left': 2}
INFO:root:Node Status: {'id': 6, 'name': 'Ahsen', 'node_type': 'green', 'neighbors': [5, 7], 'damage': 0, 'freight': 0, 'affected_by_cascade': False}
INFO:root:DRIVER (ID: 2) do_player_action_run (parameters: {'destination_id': 7})
INFO:root:Player Status: {'id': 2, 'name': 'DRIVER (ID: 2)', 'type': 'DRIVER', 'location_id': 7, 'funds': 13, 'actions_left': 1}
INFO:root:Node Status: {'id': 7, 'name': 'Datteln', 'node_type': 'green', 'neighbors': [6, 9], 'damage': 1, 'freight': 0, 'affected_by_cascade': False}
INFO:root:Start resupply phase.
INFO:root:Player DRIVER (ID: 2) draws (1) from the top of the player card stack.
INFO:root:Player DRIVER (ID: 2) receives 1 fund (now has 14).
INFO:root:Start damage phase.
INFO:root:Draw 2 cards due to destruction level 2.
INFO:root:Player DRIVER (ID: 2) draws (15) from the top of the damage card stack.
INFO:root:Node 15 (Gelsenkrichen) receives 1 damage (now has 2)
INFO:root:Player DRIVER (ID: 2) draws (6) from the top of the damage card stack.
INFO:root:Node 6 (Ahsen) receives 1 damage (now has 1)
INFO:root:Start action phase.
INFO:root:Player Status: {'id': 3, 'name': 'DRIVER (ID: 3)', 'type': 'DRIVER', 'location_id': 9, 'funds': 9, 'actions_left': 0}
INFO:root:DRIVER (ID: 3) do_player_action_run (parameters: {'destination_id': 7})
INFO:root:Player Status: {'id': 3, 'name': 'DRIVER (ID: 3)', 'type': 'DRIVER', 'location_id': 7, 'funds': 9, 'actions_left': 4}
INFO:root:Node Status: {'id': 7, 'name': 'Datteln', 'node_type': 'green', 'neighbors': [6, 9], 'damage': 1, 'freight': 0, 'affected_by_cascade': False}
INFO:root:DRIVER (ID: 3) do_player_action_run (parameters: {'destination_id': 6})
INFO:root:Player Status: {'id': 3, 'name': 'DRIVER (ID: 3)', 'type': 'DRIVER', 'location_id': 6, 'funds': 9, 'actions_left': 3}
INFO:root:Node Status: {'id': 6, 'name': 'Ahsen', 'node_type': 'green', 'neighbors': [5, 7], 'damage': 1, 'freight': 0, 'affected_by_cascade': False}
INFO:root:DRIVER (ID: 3) do_player_action_repair (parameters: None)
INFO:root:Player Status: {'id': 3, 'name': 'DRIVER (ID: 3)', 'type': 'DRIVER', 'location_id': 6, 'funds': 10, 'actions_left': 2}
INFO:root:Node Status: {'id': 6, 'name': 'Ahsen', 'node_type': 'green', 'neighbors': [5, 7], 'damage': 0, 'freight': 0, 'affected_by_cascade': False}
INFO:root:DRIVER (ID: 3) do_player_action_run (parameters: {'destination_id': 7})
INFO:root:Player Status: {'id': 3, 'name': 'DRIVER (ID: 3)', 'type': 'DRIVER', 'location_id': 7, 'funds': 10, 'actions_left': 1}
INFO:root:Node Status: {'id': 7, 'name': 'Datteln', 'node_type': 'green', 'neighbors': [6, 9], 'damage': 1, 'freight': 0, 'affected_by_cascade': False}
INFO:root:Start resupply phase.
INFO:root:Player DRIVER (ID: 3) draws (1) from the top of the player card stack.
INFO:root:Player DRIVER (ID: 3) receives 1 fund (now has 11).
INFO:root:Start damage phase.
INFO:root:Draw 2 cards due to destruction level 2.
INFO:root:Player DRIVER (ID: 3) draws (14) from the top of the damage card stack.
INFO:root:Node 14 (Oberhausen) receives 1 damage (now has 2)
INFO:root:Player DRIVER (ID: 3) draws (9) from the top of the damage card stack.
INFO:root:Node 9 (DEK) receives 1 damage (now has 4)
INFO:root:Node 9 (DEK) is affected by a cascade. Cascade level is now 1.
INFO:root:Node 7 (Datteln) receives 1 damage (now has 2)
INFO:root:Node 8 (Münster) receives 1 damage (now has 2)
INFO:root:Node 10 (DHK) receives 1 damage (now has 2)
INFO:root:Node 17 (Herne-Ost) receives 1 damage (now has 3)
INFO:root:Node 18 (Heinrichenburg) receives 1 damage (now has 2)
INFO:root:Start action phase.
INFO:root:Player Status: {'id': 0, 'name': 'INDUSTRY (ID: 0)', 'type': 'INDUSTRY', 'location_id': 19, 'funds': 6, 'actions_left': 0}
INFO:root:INDUSTRY (ID: 0) do_player_action_transport_goods (parameters: {'destination_id': 5})
INFO:root:Player Status: {'id': 0, 'name': 'INDUSTRY (ID: 0)', 'type': 'INDUSTRY', 'location_id': 5, 'funds': 6, 'actions_left': 3}
INFO:root:Node Status: {'id': 5, 'name': 'Flaesheim', 'node_type': 'green', 'neighbors': [4, 6, 19], 'damage': 1, 'freight': 1, 'affected_by_cascade': False}
INFO:root:INDUSTRY (ID: 0) do_player_action_transport_goods (parameters: {'destination_id': 6})
INFO:root:Player Status: {'id': 0, 'name': 'INDUSTRY (ID: 0)', 'type': 'INDUSTRY', 'location_id': 6, 'funds': 6, 'actions_left': 1}
INFO:root:Node Status: {'id': 6, 'name': 'Ahsen', 'node_type': 'green', 'neighbors': [5, 7], 'damage': 0, 'freight': 1, 'affected_by_cascade': False}
INFO:root:Start resupply phase.
INFO:root:Player INDUSTRY (ID: 0) draws (1) from the top of the player card stack.
INFO:root:Player INDUSTRY (ID: 0) receives 1 fund (now has 7).
INFO:root:Start damage phase.
INFO:root:Draw 2 cards due to destruction level 2.
INFO:root:Player INDUSTRY (ID: 0) draws (5) from the top of the damage card stack.
INFO:root:Node 5 (Flaesheim) receives 1 damage (now has 2)
INFO:root:Player INDUSTRY (ID: 0) draws (11) from the top of the damage card stack.
INFO:root:Node 11 (Hamm) receives 1 damage (now has 3)
INFO:root:Start action phase.
INFO:root:Player Status: {'id': 1, 'name': 'INVESTOR (ID: 1)', 'type': 'INVESTOR', 'location_id': 19, 'funds': 6, 'actions_left': 0}
INFO:root:INVESTOR (ID: 1) do_player_action_nothing (parameters: None)
INFO:root:Player Status: {'id': 1, 'name': 'INVESTOR (ID: 1)', 'type': 'INVESTOR', 'location_id': 19, 'funds': 6, 'actions_left': 4}
INFO:root:Node Status: {'id': 19, 'name': 'Hafen Marl', 'node_type': 'purple', 'neighbors': [4, 5], 'damage': 0, 'freight': 1, 'affected_by_cascade': False}
INFO:root:INVESTOR (ID: 1) do_player_action_nothing (parameters: None)
INFO:root:Player Status: {'id': 1, 'name': 'INVESTOR (ID: 1)', 'type': 'INVESTOR', 'location_id': 19, 'funds': 6, 'actions_left': 3}
INFO:root:Node Status: {'id': 19, 'name': 'Hafen Marl', 'node_type': 'purple', 'neighbors': [4, 5], 'damage': 0, 'freight': 1, 'affected_by_cascade': False}
INFO:root:INVESTOR (ID: 1) do_player_action_nothing (parameters: None)
INFO:root:Player Status: {'id': 1, 'name': 'INVESTOR (ID: 1)', 'type': 'INVESTOR', 'location_id': 19, 'funds': 6, 'actions_left': 2}
INFO:root:Node Status: {'id': 19, 'name': 'Hafen Marl', 'node_type': 'purple', 'neighbors': [4, 5], 'damage': 0, 'freight': 1, 'affected_by_cascade': False}
INFO:root:INVESTOR (ID: 1) do_player_action_nothing (parameters: None)
INFO:root:Player Status: {'id': 1, 'name': 'INVESTOR (ID: 1)', 'type': 'INVESTOR', 'location_id': 19, 'funds': 6, 'actions_left': 1}
INFO:root:Node Status: {'id': 19, 'name': 'Hafen Marl', 'node_type': 'purple', 'neighbors': [4, 5], 'damage': 0, 'freight': 1, 'affected_by_cascade': False}
INFO:root:Start resupply phase.
INFO:root:Player INVESTOR (ID: 1) draws (1) from the top of the player card stack.
INFO:root:Player INVESTOR (ID: 1) receives 1 fund (now has 7).
INFO:root:Start damage phase.
INFO:root:Draw 2 cards due to destruction level 2.
INFO:root:Player INVESTOR (ID: 1) draws (10) from the top of the damage card stack.
INFO:root:Node 10 (DHK) receives 1 damage (now has 3)
INFO:root:Player INVESTOR (ID: 1) draws (8) from the top of the damage card stack.
INFO:root:Node 8 (Münster) receives 1 damage (now has 3)
INFO:root:Start action phase.
INFO:root:Player Status: {'id': 2, 'name': 'DRIVER (ID: 2)', 'type': 'DRIVER', 'location_id': 7, 'funds': 14, 'actions_left': 0}
INFO:root:DRIVER (ID: 2) do_player_action_run (parameters: {'destination_id': 9})
INFO:root:Player Status: {'id': 2, 'name': 'DRIVER (ID: 2)', 'type': 'DRIVER', 'location_id': 9, 'funds': 14, 'actions_left': 4}
INFO:root:Node Status: {'id': 9, 'name': 'DEK', 'node_type': 'orange', 'neighbors': [7, 8, 10, 17, 18], 'damage': 3, 'freight': 0, 'affected_by_cascade': False}
INFO:root:DRIVER (ID: 2) do_player_action_repair (parameters: None)
INFO:root:Player Status: {'id': 2, 'name': 'DRIVER (ID: 2)', 'type': 'DRIVER', 'location_id': 9, 'funds': 15, 'actions_left': 3}
INFO:root:Node Status: {'id': 9, 'name': 'DEK', 'node_type': 'orange', 'neighbors': [7, 8, 10, 17, 18], 'damage': 2, 'freight': 0, 'affected_by_cascade': False}
INFO:root:DRIVER (ID: 2) do_player_action_run (parameters: {'destination_id': 7})
INFO:root:Player Status: {'id': 2, 'name': 'DRIVER (ID: 2)', 'type': 'DRIVER', 'location_id': 7, 'funds': 15, 'actions_left': 2}
INFO:root:Node Status: {'id': 7, 'name': 'Datteln', 'node_type': 'green', 'neighbors': [6, 9], 'damage': 2, 'freight': 0, 'affected_by_cascade': False}
INFO:root:DRIVER (ID: 2) do_player_action_run (parameters: {'destination_id': 6})
INFO:root:Player Status: {'id': 2, 'name': 'DRIVER (ID: 2)', 'type': 'DRIVER', 'location_id': 6, 'funds': 15, 'actions_left': 1}
INFO:root:Node Status: {'id': 6, 'name': 'Ahsen', 'node_type': 'green', 'neighbors': [5, 7], 'damage': 0, 'freight': 1, 'affected_by_cascade': False}
INFO:root:Start resupply phase.
INFO:root:Player DRIVER (ID: 2) draws (1) from the top of the player card stack.
INFO:root:Player DRIVER (ID: 2) receives 1 fund (now has 16).
INFO:root:Start damage phase.
INFO:root:Draw 2 cards due to destruction level 2.
INFO:root:Player DRIVER (ID: 2) draws (2) from the top of the damage card stack.
INFO:root:Node 2 (Friedrichsfeld) receives 1 damage (now has 4)
INFO:root:Node 2 (Friedrichsfeld) is affected by a cascade. Cascade level is now 2.
INFO:root:Node 1 (WDK) receives 1 damage (now has 2)
INFO:root:Node 3 (Hünxe) receives 1 damage (now has 3)
INFO:root:Player DRIVER (ID: 2) draws (12) from the top of the damage card stack.
INFO:root:Node 12 (RHK) receives 1 damage (now has 4)
INFO:root:Node 12 (RHK) is affected by a cascade. Cascade level is now 3.
INFO:root:Node 13 (Duisburg-Mederich) receives 1 damage (now has 3)
INFO:root:Start action phase.
INFO:root:Player Status: {'id': 3, 'name': 'DRIVER (ID: 3)', 'type': 'DRIVER', 'location_id': 7, 'funds': 11, 'actions_left': 0}
INFO:root:DRIVER (ID: 3) do_player_action_run (parameters: {'destination_id': 9})
INFO:root:Player Status: {'id': 3, 'name': 'DRIVER (ID: 3)', 'type': 'DRIVER', 'location_id': 9, 'funds': 11, 'actions_left': 4}
INFO:root:Node Status: {'id': 9, 'name': 'DEK', 'node_type': 'orange', 'neighbors': [7, 8, 10, 17, 18], 'damage': 2, 'freight': 0, 'affected_by_cascade': False}
INFO:root:DRIVER (ID: 3) do_player_action_repair (parameters: None)
INFO:root:Player Status: {'id': 3, 'name': 'DRIVER (ID: 3)', 'type': 'DRIVER', 'location_id': 9, 'funds': 12, 'actions_left': 3}
INFO:root:Node Status: {'id': 9, 'name': 'DEK', 'node_type': 'orange', 'neighbors': [7, 8, 10, 17, 18], 'damage': 1, 'freight': 0, 'affected_by_cascade': False}
INFO:root:DRIVER (ID: 3) do_player_action_run (parameters: {'destination_id': 7})
INFO:root:Player Status: {'id': 3, 'name': 'DRIVER (ID: 3)', 'type': 'DRIVER', 'location_id': 7, 'funds': 12, 'actions_left': 2}
INFO:root:Node Status: {'id': 7, 'name': 'Datteln', 'node_type': 'green', 'neighbors': [6, 9], 'damage': 2, 'freight': 0, 'affected_by_cascade': False}
INFO:root:DRIVER (ID: 3) do_player_action_run (parameters: {'destination_id': 6})
INFO:root:Player Status: {'id': 3, 'name': 'DRIVER (ID: 3)', 'type': 'DRIVER', 'location_id': 6, 'funds': 12, 'actions_left': 1}
INFO:root:Node Status: {'id': 6, 'name': 'Ahsen', 'node_type': 'green', 'neighbors': [5, 7], 'damage': 0, 'freight': 1, 'affected_by_cascade': False}
INFO:root:Start resupply phase.
INFO:root:Player DRIVER (ID: 3) draws (1) from the top of the player card stack.
INFO:root:Player DRIVER (ID: 3) receives 1 fund (now has 13).
INFO:root:Start damage phase.
INFO:root:Draw 2 cards due to destruction level 2.
INFO:root:Player DRIVER (ID: 3) draws (13) from the top of the damage card stack.
INFO:root:Node 13 (Duisburg-Mederich) receives 1 damage (now has 4)
INFO:root:Node 13 (Duisburg-Mederich) is affected by a cascade. Cascade level is now 4.
INFO:root:Node 12 (RHK) receives 1 damage (now has 4)
INFO:root:Node 12 (RHK) is affected by a cascade. Cascade level is now 5.
INFO:root:Node 14 (Oberhausen) receives 1 damage (now has 3)
INFO:root:Player DRIVER (ID: 3) draws (17) from the top of the damage card stack.
INFO:root:Node 17 (Herne-Ost) receives 1 damage (now has 4)
INFO:root:Node 17 (Herne-Ost) is affected by a cascade. Cascade level is now 6.
INFO:root:Game lost: Cascade level is 6, but is only allowed to be max. 6
